# JRE version: Java(TM) SE Runtime Environment (17.0.9+11) (build 17.0.9+11-LTS-201)
# Java VM: Java HotSpot(TM) 64-Bit Server VM (17.0.9+11-LTS-201, mixed mode, sharing, tiered, compressed oops, compressed class ptrs, g1 gc, windows-amd64)
GC Precious Log:
 CPUs: 8 total, 8 available
 Memory: 16064M
 Large Page Support: Disabled
 NUMA Support: Disabled
 Compressed Oops: Enabled (Zero based)
 Heap Region Size: 2M
 Heap Min Capacity: 8M
 Heap Initial Capacity: 252M
 Heap Max Capacity: 4018M
 Pre-touch: Disabled
 Parallel Workers: 8
 Concurrent Workers: 2
 Concurrent Refinement Workers: 8
 Periodic GC: Disabled
Heap:
 garbage-first heap   total 212992K, used 98543K [0x0000000704e00000, 0x0000000800000000)
  region size 2048K, 23 young (47104K), 7 survivors (14336K)
 Metaspace       used 55443K, committed 55808K, reserved 1114112K
  class space    used 6416K, committed 6592K, reserved 1048576K
GC Heap History (20 events):
Event: 4.545 GC heap before
{Heap before GC invocations=5 (full 0):
 garbage-first heap   total 75776K, used 26157K [0x0000000704e00000, 0x0000000800000000)
  region size 2048K, 4 young (8192K), 3 survivors (6144K)
 Metaspace       used 27081K, committed 27264K, reserved 1114112K
  class space    used 3632K, committed 3712K, reserved 1048576K
}
Event: 4.555 GC heap after
{Heap after GC invocations=6 (full 0):
 garbage-first heap   total 75776K, used 25804K [0x0000000704e00000, 0x0000000800000000)
  region size 2048K, 1 young (2048K), 1 survivors (2048K)
 Metaspace       used 27081K, committed 27264K, reserved 1114112K
  class space    used 3632K, committed 3712K, reserved 1048576K
}
Event: 5.306 GC heap before
{Heap before GC invocations=6 (full 0):
 garbage-first heap   total 75776K, used 54476K [0x0000000704e00000, 0x0000000800000000)
  region size 2048K, 15 young (30720K), 1 survivors (2048K)
 Metaspace       used 33144K, committed 33408K, reserved 1114112K
  class space    used 4223K, committed 4352K, reserved 1048576K
}
Event: 5.317 GC heap after
{Heap after GC invocations=7 (full 0):
 garbage-first heap   total 120832K, used 27407K [0x0000000704e00000, 0x0000000800000000)
  region size 2048K, 2 young (4096K), 2 survivors (4096K)
 Metaspace       used 33144K, committed 33408K, reserved 1114112K
  class space    used 4223K, committed 4352K, reserved 1048576K
}
Event: 6.746 GC heap before
{Heap before GC invocations=7 (full 0):
 garbage-first heap   total 120832K, used 45839K [0x0000000704e00000, 0x0000000800000000)
  region size 2048K, 12 young (24576K), 2 survivors (4096K)
 Metaspace       used 35873K, committed 36096K, reserved 1114112K
  class space    used 4447K, committed 4544K, reserved 1048576K
}
Event: 6.758 GC heap after
{Heap after GC invocations=8 (full 0):
 garbage-first heap   total 120832K, used 28568K [0x0000000704e00000, 0x0000000800000000)
  region size 2048K, 2 young (4096K), 2 survivors (4096K)
 Metaspace       used 35873K, committed 36096K, reserved 1114112K
  class space    used 4447K, committed 4544K, reserved 1048576K
}
Event: 9.541 GC heap before
{Heap before GC invocations=9 (full 0):
 garbage-first heap   total 102400K, used 87960K [0x0000000704e00000, 0x0000000800000000)
  region size 2048K, 32 young (65536K), 2 survivors (4096K)
 Metaspace       used 41572K, committed 41856K, reserved 1114112K
  class space    used 5056K, committed 5184K, reserved 1048576K
}
Event: 9.568 GC heap after
{Heap after GC invocations=10 (full 0):
 garbage-first heap   total 102400K, used 36169K [0x0000000704e00000, 0x0000000800000000)
  region size 2048K, 4 young (8192K), 4 survivors (8192K)
 Metaspace       used 41572K, committed 41856K, reserved 1114112K
  class space    used 5056K, committed 5184K, reserved 1048576K
}
Event: 9.581 GC heap before
{Heap before GC invocations=10 (full 0):
 garbage-first heap   total 102400K, used 38217K [0x0000000704e00000, 0x0000000800000000)
  region size 2048K, 5 young (10240K), 4 survivors (8192K)
 Metaspace       used 41581K, committed 41856K, reserved 1114112K
  class space    used 5056K, committed 5184K, reserved 1048576K
}
Event: 9.598 GC heap after
{Heap after GC invocations=11 (full 0):
 garbage-first heap   total 102400K, used 37153K [0x0000000704e00000, 0x0000000800000000)
  region size 2048K, 1 young (2048K), 1 survivors (2048K)
 Metaspace       used 41581K, committed 41856K, reserved 1114112K
  class space    used 5056K, committed 5184K, reserved 1048576K
}
Event: 12.055 GC heap before
{Heap before GC invocations=11 (full 0):
 garbage-first heap   total 102400K, used 74017K [0x0000000704e00000, 0x0000000800000000)
  region size 2048K, 19 young (38912K), 1 survivors (2048K)
 Metaspace       used 45122K, committed 45440K, reserved 1114112K
  class space    used 5335K, committed 5504K, reserved 1048576K
}
Event: 12.079 GC heap after
{Heap after GC invocations=12 (full 0):
 garbage-first heap   total 102400K, used 41909K [0x0000000704e00000, 0x0000000800000000)
  region size 2048K, 3 young (6144K), 3 survivors (6144K)
 Metaspace       used 45122K, committed 45440K, reserved 1114112K
  class space    used 5335K, committed 5504K, reserved 1048576K
}
Event: 13.618 GC heap before
{Heap before GC invocations=12 (full 0):
 garbage-first heap   total 102400K, used 76725K [0x0000000704e00000, 0x0000000800000000)
  region size 2048K, 20 young (40960K), 3 survivors (6144K)
 Metaspace       used 45492K, committed 45824K, reserved 1114112K
  class space    used 5341K, committed 5504K, reserved 1048576K
}
Event: 13.650 GC heap after
{Heap after GC invocations=13 (full 0):
 garbage-first heap   total 102400K, used 47997K [0x0000000704e00000, 0x0000000800000000)
  region size 2048K, 3 young (6144K), 3 survivors (6144K)
 Metaspace       used 45492K, committed 45824K, reserved 1114112K
  class space    used 5341K, committed 5504K, reserved 1048576K
}
Event: 14.977 GC heap before
{Heap before GC invocations=13 (full 0):
 garbage-first heap   total 102400K, used 76669K [0x0000000704e00000, 0x0000000800000000)
  region size 2048K, 17 young (34816K), 3 survivors (6144K)
 Metaspace       used 46439K, committed 46784K, reserved 1114112K
  class space    used 5457K, committed 5632K, reserved 1048576K
}
Event: 15.011 GC heap after
{Heap after GC invocations=14 (full 0):
 garbage-first heap   total 102400K, used 54393K [0x0000000704e00000, 0x0000000800000000)
  region size 2048K, 3 young (6144K), 3 survivors (6144K)
 Metaspace       used 46439K, committed 46784K, reserved 1114112K
  class space    used 5457K, committed 5632K, reserved 1048576K
}
Event: 16.036 GC heap before
{Heap before GC invocations=14 (full 0):
 garbage-first heap   total 102400K, used 78969K [0x0000000704e00000, 0x0000000800000000)
  region size 2048K, 15 young (30720K), 3 survivors (6144K)
 Metaspace       used 46819K, committed 47168K, reserved 1114112K
  class space    used 5497K, committed 5696K, reserved 1048576K
}
Event: 16.060 GC heap after
{Heap after GC invocations=15 (full 0):
 garbage-first heap   total 227328K, used 58494K [0x0000000704e00000, 0x0000000800000000)
  region size 2048K, 2 young (4096K), 2 survivors (4096K)
 Metaspace       used 46819K, committed 47168K, reserved 1114112K
  class space    used 5497K, committed 5696K, reserved 1048576K
}
Event: 20.476 GC heap before
{Heap before GC invocations=16 (full 0):
 garbage-first heap   total 212992K, used 164990K [0x0000000704e00000, 0x0000000800000000)
  region size 2048K, 54 young (110592K), 2 survivors (4096K)
 Metaspace       used 50964K, committed 51264K, reserved 1114112K
  class space    used 5892K, committed 6080K, reserved 1048576K
}
Event: 20.492 GC heap after
{Heap after GC invocations=17 (full 0):
 garbage-first heap   total 212992K, used 67823K [0x0000000704e00000, 0x0000000800000000)
  region size 2048K, 7 young (14336K), 7 survivors (14336K)
 Metaspace       used 50964K, committed 51264K, reserved 1114112K
  class space    used 5892K, committed 6080K, reserved 1048576K
}

